04_musk1.csv
max_inst_per_bag: 40
5.173913043478261
---------------------------------
08_Mutagensis_bounds.csv
max_inst_per_bag: 40
21.25
---------------------------------
01_elephant.csv
max_inst_per_bag: 13
6.955
---------------------------------
02_fox.csv
max_inst_per_bag: 13
6.6
---------------------------------
07_Mutagenesis_chains.csv
max_inst_per_bag: 52
28.45212765957447
---------------------------------
06_Mutagenesis_atoms.csv
max_inst_per_bag: 15
8.606382978723405
---------------------------------
05_musk2.csv
max_inst_per_bag: 1044
64.68627450980392
---------------------------------
03_tiger.csv
max_inst_per_bag: 13
6.1
---------------------------------
