[ 0] 1
[ 1] 1
[ 2] 1
[ 3] 0
[ 4] 1
[ 5] 1
[ 6] 1
[ 7] 1
[ 8] 1
[ 9] 1
[ 10] 1
[ 11] 1
[ 12] 1
[ 13] 1
[ 14] 1
[ 15] 1
[ 16] 1
[ 17] 0
[ 18] 0
[ 19] 1
[ 20] 1
[ 21] 1
[ 22] 1
[ 23] 1
[ 24] 0
[ 25] 1
[ 26] 1
[ 27] 0
[ 28] 1
[ 29] 1
[ 30] 1
[ 31] 0
[ 32] 0
[ 33] 0
[ 34] 0
[ 35] 1
[ 36] 0
[ 37] 0
[ 38] 1
[ 39] 1
[ 40] 1
[ 41] 0
[ 42] 1
[ 43] 1
[ 44] 1
[ 45] 1
[ 46] 1
[ 47] 1
[ 48] 1
[ 49] 1
[ 50] 0
[ 51] 0
[ 52] 0
[ 53] 0
[ 54] 0
[ 55] 0
[ 56] 1
[ 57] 1
[ 58] 0
[ 59] 1
[ 60] 1
[ 61] 1
[ 62] 0
[ 63] 1
[ 64] 1
[ 65] 0
[ 66] 1
[ 67] 1
[ 68] 0
[ 69] 0
[ 70] 0
[ 71] 1
[ 72] 1
[ 73] 0
[ 74] 1
[ 75] 0
[ 76] 1
[ 77] 0
[ 78] 1
[ 79] 1
[ 80] 0
[ 81] 1
[ 82] 1
[ 83] 0
[ 84] 1
[ 85] 1
[ 86] 1
[ 87] 1
[ 88] 0
[ 89] 1
[ 90] 1
[ 91] 1
[ 92] 0
[ 93] 0
[ 94] 1
[ 95] 1
[ 96] 0
[ 97] 0
[ 98] 1
[ 99] 1
[ 100] 0
[ 101] 0
[ 102] 0
[ 103] 1
[ 104] 0
[ 105] 0
[ 106] 0
[ 107] 1
[ 108] 0
[ 109] 1
[ 110] 1
[ 111] 0
[ 112] 0
[ 113] 0
[ 114] 1
[ 115] 1
[ 116] 1
[ 117] 0
[ 118] 1
[ 119] 1
[ 120] 1
[ 121] 1
[ 122] 1
[ 123] 1
[ 124] 1
[ 125] 1
[ 126] 0
[ 127] 1
[ 128] 0
[ 129] 0
[ 130] 0
[ 131] 0
[ 132] 1
[ 133] 1
[ 134] 1
[ 135] 0
[ 136] 1
[ 137] 1
[ 138] 1
[ 139] 0
[ 140] 0
[ 141] 0
[ 142] 1
[ 143] 0
[ 144] 0
[ 145] 0
[ 146] 0
[ 147] 1
[ 148] 0
[ 149] 0
[ 150] 1
[ 151] 1
[ 152] 0
[ 153] 1
[ 154] 1
[ 155] 1
[ 156] 0
[ 157] 1
[ 158] 1
[ 159] 1
[ 160] 0
[ 161] 1
[ 162] 1
[ 163] 1
[ 164] 0
[ 165] 0
[ 166] 0
[ 167] 0
[ 168] 0
[ 169] 1
[ 170] 1
[ 171] 1
[ 172] 1
[ 173] 0
[ 174] 1
[ 175] 1
[ 176] 1
[ 177] 1
[ 178] 0
[ 179] 1
[ 180] 1
[ 181] 1
[ 182] 0
[ 183] 0
[ 184] 0
[ 185] 1
[ 186] 0
[ 187] 0